-------------------------------------------------------------------------------
Test set: org.apache.airavata.userapi.server.handler.UserAPIServerHandlerTest
-------------------------------------------------------------------------------
Tests run: 12, Failures: 3, Errors: 7, Skipped: 0, Time elapsed: 17.003 sec <<< FAILURE!
testGetRoleNames(org.apache.airavata.userapi.server.handler.UserAPIServerHandlerTest)  Time elapsed: 6.038 sec  <<< ERROR!
AuthorizationException(message:null)
	at org.apache.airavata.userapi.server.utils.TokenEncryptionUtil.decrypt(TokenEncryptionUtil.java:80)
	at org.apache.airavata.userapi.server.clients.BaseServiceClient.authenticateStubFromToken(BaseServiceClient.java:50)
	at org.apache.airavata.userapi.server.clients.UserStoreManagerServiceClient.getRoleNames(UserStoreManagerServiceClient.java:329)
	at org.apache.airavata.userapi.server.handler.UserAPIServerHandler.getAllRoleNames(UserAPIServerHandler.java:244)
	at org.apache.airavata.userapi.server.handler.UserAPIServerHandlerTest.testGetRoleNames(UserAPIServerHandlerTest.java:144)
testCheckPermissionString(org.apache.airavata.userapi.server.handler.UserAPIServerHandlerTest)  Time elapsed: 1.106 sec  <<< ERROR!
AuthorizationException(message:null)
	at org.apache.airavata.userapi.server.utils.TokenEncryptionUtil.decrypt(TokenEncryptionUtil.java:80)
	at org.apache.airavata.userapi.server.clients.BaseServiceClient.authenticateStubFromToken(BaseServiceClient.java:50)
	at org.apache.airavata.userapi.server.clients.RemoteAuthorizationManagerClient.checkPermission(RemoteAuthorizationManagerClient.java:55)
	at org.apache.airavata.userapi.server.handler.UserAPIServerHandler.checkPermission(UserAPIServerHandler.java:272)
	at org.apache.airavata.userapi.server.handler.UserAPIServerHandlerTest.testCheckPermissionString(UserAPIServerHandlerTest.java:150)
testGetUserPermissions(org.apache.airavata.userapi.server.handler.UserAPIServerHandlerTest)  Time elapsed: 1.23 sec  <<< ERROR!
UserAPISystemException(userAPIErrorType:INTERNAL_ERROR)
	at org.apache.airavata.userapi.server.handler.UserAPIServerHandler.getUserPermissions(UserAPIServerHandler.java:265)
	at org.apache.airavata.userapi.server.handler.UserAPIServerHandlerTest.testGetUserPermissions(UserAPIServerHandlerTest.java:155)
testCheckUsernameExists(org.apache.airavata.userapi.server.handler.UserAPIServerHandlerTest)  Time elapsed: 1.082 sec  <<< ERROR!
AuthorizationException(message:null)
	at org.apache.airavata.userapi.server.utils.TokenEncryptionUtil.decrypt(TokenEncryptionUtil.java:80)
	at org.apache.airavata.userapi.server.clients.BaseServiceClient.authenticateStubFromToken(BaseServiceClient.java:50)
	at org.apache.airavata.userapi.server.clients.UserStoreManagerServiceClient.isExistingUser(UserStoreManagerServiceClient.java:48)
	at org.apache.airavata.userapi.server.handler.UserAPIServerHandler.checkUsernameExists(UserAPIServerHandler.java:91)
	at org.apache.airavata.userapi.server.handler.UserAPIServerHandlerTest.testCheckUsernameExists(UserAPIServerHandlerTest.java:57)
testCreateNewUser(org.apache.airavata.userapi.server.handler.UserAPIServerHandlerTest)  Time elapsed: 1.064 sec  <<< ERROR!
AuthorizationException(message:null)
	at org.apache.airavata.userapi.server.utils.TokenEncryptionUtil.decrypt(TokenEncryptionUtil.java:80)
	at org.apache.airavata.userapi.server.clients.BaseServiceClient.authenticateStubFromToken(BaseServiceClient.java:50)
	at org.apache.airavata.userapi.server.clients.UserStoreManagerServiceClient.isExistingUser(UserStoreManagerServiceClient.java:48)
	at org.apache.airavata.userapi.server.handler.UserAPIServerHandler.checkUsernameExists(UserAPIServerHandler.java:91)
	at org.apache.airavata.userapi.server.handler.UserAPIServerHandlerTest.testCreateNewUser(UserAPIServerHandlerTest.java:64)
testUpdateUserProfile(org.apache.airavata.userapi.server.handler.UserAPIServerHandlerTest)  Time elapsed: 1.109 sec  <<< FAILURE!
junit.framework.AssertionFailedError
	at junit.framework.Assert.fail(Assert.java:47)
	at junit.framework.Assert.assertTrue(Assert.java:20)
	at junit.framework.Assert.assertFalse(Assert.java:34)
	at junit.framework.Assert.assertFalse(Assert.java:41)
	at org.apache.airavata.userapi.server.handler.UserAPIServerHandlerTest.testUpdateUserProfile(UserAPIServerHandlerTest.java:104)
testGetUserProfile(org.apache.airavata.userapi.server.handler.UserAPIServerHandlerTest)  Time elapsed: 1.047 sec  <<< ERROR!
AuthorizationException(message:null)
	at org.apache.airavata.userapi.server.utils.TokenEncryptionUtil.decrypt(TokenEncryptionUtil.java:80)
	at org.apache.airavata.userapi.server.clients.BaseServiceClient.authenticateStubFromToken(BaseServiceClient.java:50)
	at org.apache.airavata.userapi.server.clients.UserStoreManagerServiceClient.getUserProfile(UserStoreManagerServiceClient.java:233)
	at org.apache.airavata.userapi.server.handler.UserAPIServerHandler.getUserProfile(UserAPIServerHandler.java:131)
	at org.apache.airavata.userapi.server.handler.UserAPIServerHandlerTest.testGetUserProfile(UserAPIServerHandlerTest.java:109)
testRemoveUser(org.apache.airavata.userapi.server.handler.UserAPIServerHandlerTest)  Time elapsed: 0.964 sec  <<< FAILURE!
junit.framework.AssertionFailedError
	at junit.framework.Assert.fail(Assert.java:47)
	at junit.framework.Assert.assertTrue(Assert.java:20)
	at junit.framework.Assert.assertFalse(Assert.java:34)
	at junit.framework.Assert.assertFalse(Assert.java:41)
	at org.apache.airavata.userapi.server.handler.UserAPIServerHandlerTest.testRemoveUser(UserAPIServerHandlerTest.java:122)
testUpdateUserPassword(org.apache.airavata.userapi.server.handler.UserAPIServerHandlerTest)  Time elapsed: 1.022 sec  <<< FAILURE!
junit.framework.AssertionFailedError
	at junit.framework.Assert.fail(Assert.java:47)
	at junit.framework.Assert.assertTrue(Assert.java:20)
	at junit.framework.Assert.assertFalse(Assert.java:34)
	at junit.framework.Assert.assertFalse(Assert.java:41)
	at org.apache.airavata.userapi.server.handler.UserAPIServerHandlerTest.testUpdateUserPassword(UserAPIServerHandlerTest.java:133)
testAuthenticateUser(org.apache.airavata.userapi.server.handler.UserAPIServerHandlerTest)  Time elapsed: 1.082 sec  <<< ERROR!
UserAPISystemException(userAPIErrorType:INTERNAL_ERROR)
	at org.apache.airavata.userapi.server.handler.UserAPIServerHandler.authenticateUser(UserAPIServerHandler.java:185)
	at org.apache.airavata.userapi.server.handler.UserAPIServerHandlerTest.testAuthenticateUser(UserAPIServerHandlerTest.java:138)
