<?xml version="1.0" encoding="UTF-8" ?>
<testsuite failures="3" time="17.004" errors="7" skipped="0" tests="12" name="org.apache.airavata.userapi.server.handler.UserAPIServerHandlerTest">
  <properties>
[...]
</properties>
  <testcase time="6.038" classname="org.apache.airavata.userapi.server.handler.UserAPIServerHandlerTest" name="testGetRoleNames">
    <error type="AuthorizationException(message:null)">AuthorizationException(message:null)
	at org.apache.airavata.userapi.server.utils.TokenEncryptionUtil.decrypt(TokenEncryptionUtil.java:80)
	at org.apache.airavata.userapi.server.clients.BaseServiceClient.authenticateStubFromToken(BaseServiceClient.java:50)
	at org.apache.airavata.userapi.server.clients.UserStoreManagerServiceClient.getRoleNames(UserStoreManagerServiceClient.java:329)
	at org.apache.airavata.userapi.server.handler.UserAPIServerHandler.getAllRoleNames(UserAPIServerHandler.java:244)
	at org.apache.airavata.userapi.server.handler.UserAPIServerHandlerTest.testGetRoleNames(UserAPIServerHandlerTest.java:144)
</error>
    <system-err>log4j:WARN No appenders could be found for logger (org.apache.axis2.description.AxisOperation).
log4j:WARN Please initialize the log4j system properly.
log4j:WARN See http://logging.apache.org/log4j/1.2/faq.html#noconfig for more info.
</system-err>
  </testcase>
  <testcase time="1.106" classname="org.apache.airavata.userapi.server.handler.UserAPIServerHandlerTest" name="testCheckPermissionString">
    <error type="AuthorizationException(message:null)">AuthorizationException(message:null)
	at org.apache.airavata.userapi.server.utils.TokenEncryptionUtil.decrypt(TokenEncryptionUtil.java:80)
	at org.apache.airavata.userapi.server.clients.BaseServiceClient.authenticateStubFromToken(BaseServiceClient.java:50)
	at org.apache.airavata.userapi.server.clients.RemoteAuthorizationManagerClient.checkPermission(RemoteAuthorizationManagerClient.java:55)
	at org.apache.airavata.userapi.server.handler.UserAPIServerHandler.checkPermission(UserAPIServerHandler.java:272)
	at org.apache.airavata.userapi.server.handler.UserAPIServerHandlerTest.testCheckPermissionString(UserAPIServerHandlerTest.java:150)
</error>
  </testcase>
  <testcase time="1.23" classname="org.apache.airavata.userapi.server.handler.UserAPIServerHandlerTest" name="testGetUserPermissions">
    <error type="UserAPISystemException(userAPIErrorType:INTERNAL_ERROR)">UserAPISystemException(userAPIErrorType:INTERNAL_ERROR)
	at org.apache.airavata.userapi.server.handler.UserAPIServerHandler.getUserPermissions(UserAPIServerHandler.java:265)
	at org.apache.airavata.userapi.server.handler.UserAPIServerHandlerTest.testGetUserPermissions(UserAPIServerHandlerTest.java:155)
</error>
  </testcase>
  <testcase time="0.158" classname="org.apache.airavata.userapi.server.handler.UserAPIServerHandlerTest" name="testGetAPIVersion"/>
  <testcase time="1.054" classname="org.apache.airavata.userapi.server.handler.UserAPIServerHandlerTest" name="testAdminLogin"/>
  <testcase time="1.082" classname="org.apache.airavata.userapi.server.handler.UserAPIServerHandlerTest" name="testCheckUsernameExists">
    <error type="AuthorizationException(message:null)">AuthorizationException(message:null)
	at org.apache.airavata.userapi.server.utils.TokenEncryptionUtil.decrypt(TokenEncryptionUtil.java:80)
	at org.apache.airavata.userapi.server.clients.BaseServiceClient.authenticateStubFromToken(BaseServiceClient.java:50)
	at org.apache.airavata.userapi.server.clients.UserStoreManagerServiceClient.isExistingUser(UserStoreManagerServiceClient.java:48)
	at org.apache.airavata.userapi.server.handler.UserAPIServerHandler.checkUsernameExists(UserAPIServerHandler.java:91)
	at org.apache.airavata.userapi.server.handler.UserAPIServerHandlerTest.testCheckUsernameExists(UserAPIServerHandlerTest.java:57)
</error>
  </testcase>
  <testcase time="1.065" classname="org.apache.airavata.userapi.server.handler.UserAPIServerHandlerTest" name="testCreateNewUser">
    <error type="AuthorizationException(message:null)">AuthorizationException(message:null)
	at org.apache.airavata.userapi.server.utils.TokenEncryptionUtil.decrypt(TokenEncryptionUtil.java:80)
	at org.apache.airavata.userapi.server.clients.BaseServiceClient.authenticateStubFromToken(BaseServiceClient.java:50)
	at org.apache.airavata.userapi.server.clients.UserStoreManagerServiceClient.isExistingUser(UserStoreManagerServiceClient.java:48)
	at org.apache.airavata.userapi.server.handler.UserAPIServerHandler.checkUsernameExists(UserAPIServerHandler.java:91)
	at org.apache.airavata.userapi.server.handler.UserAPIServerHandlerTest.testCreateNewUser(UserAPIServerHandlerTest.java:64)
</error>
  </testcase>
  <testcase time="1.109" classname="org.apache.airavata.userapi.server.handler.UserAPIServerHandlerTest" name="testUpdateUserProfile">
    <failure type="junit.framework.AssertionFailedError">junit.framework.AssertionFailedError
	at junit.framework.Assert.fail(Assert.java:47)
	at junit.framework.Assert.assertTrue(Assert.java:20)
	at junit.framework.Assert.assertFalse(Assert.java:34)
	at junit.framework.Assert.assertFalse(Assert.java:41)
	at org.apache.airavata.userapi.server.handler.UserAPIServerHandlerTest.testUpdateUserProfile(UserAPIServerHandlerTest.java:104)
</failure>
  </testcase>
  <testcase time="1.047" classname="org.apache.airavata.userapi.server.handler.UserAPIServerHandlerTest" name="testGetUserProfile">
    <error type="AuthorizationException(message:null)">AuthorizationException(message:null)
	at org.apache.airavata.userapi.server.utils.TokenEncryptionUtil.decrypt(TokenEncryptionUtil.java:80)
	at org.apache.airavata.userapi.server.clients.BaseServiceClient.authenticateStubFromToken(BaseServiceClient.java:50)
	at org.apache.airavata.userapi.server.clients.UserStoreManagerServiceClient.getUserProfile(UserStoreManagerServiceClient.java:233)
	at org.apache.airavata.userapi.server.handler.UserAPIServerHandler.getUserProfile(UserAPIServerHandler.java:131)
	at org.apache.airavata.userapi.server.handler.UserAPIServerHandlerTest.testGetUserProfile(UserAPIServerHandlerTest.java:109)
</error>
  </testcase>
  <testcase time="0.964" classname="org.apache.airavata.userapi.server.handler.UserAPIServerHandlerTest" name="testRemoveUser">
    <failure type="junit.framework.AssertionFailedError">junit.framework.AssertionFailedError
	at junit.framework.Assert.fail(Assert.java:47)
	at junit.framework.Assert.assertTrue(Assert.java:20)
	at junit.framework.Assert.assertFalse(Assert.java:34)
	at junit.framework.Assert.assertFalse(Assert.java:41)
	at org.apache.airavata.userapi.server.handler.UserAPIServerHandlerTest.testRemoveUser(UserAPIServerHandlerTest.java:122)
</failure>
  </testcase>
  <testcase time="1.022" classname="org.apache.airavata.userapi.server.handler.UserAPIServerHandlerTest" name="testUpdateUserPassword">
    <failure type="junit.framework.AssertionFailedError">junit.framework.AssertionFailedError
	at junit.framework.Assert.fail(Assert.java:47)
	at junit.framework.Assert.assertTrue(Assert.java:20)
	at junit.framework.Assert.assertFalse(Assert.java:34)
	at junit.framework.Assert.assertFalse(Assert.java:41)
	at org.apache.airavata.userapi.server.handler.UserAPIServerHandlerTest.testUpdateUserPassword(UserAPIServerHandlerTest.java:133)
</failure>
  </testcase>
  <testcase time="1.082" classname="org.apache.airavata.userapi.server.handler.UserAPIServerHandlerTest" name="testAuthenticateUser">
    <error type="UserAPISystemException(userAPIErrorType:INTERNAL_ERROR)">UserAPISystemException(userAPIErrorType:INTERNAL_ERROR)
	at org.apache.airavata.userapi.server.handler.UserAPIServerHandler.authenticateUser(UserAPIServerHandler.java:185)
	at org.apache.airavata.userapi.server.handler.UserAPIServerHandlerTest.testAuthenticateUser(UserAPIServerHandlerTest.java:138)
</error>
    <system-err>AuthorizationException(message:null)
	at org.apache.airavata.userapi.server.utils.TokenEncryptionUtil.decrypt(TokenEncryptionUtil.java:80)
	at org.apache.airavata.userapi.server.clients.BaseServiceClient.authenticateStubFromToken(BaseServiceClient.java:50)
	at org.apache.airavata.userapi.server.clients.UserStoreManagerServiceClient.authenticateUser(UserStoreManagerServiceClient.java:280)
	at org.apache.airavata.userapi.server.handler.UserAPIServerHandler.authenticateUser(UserAPIServerHandler.java:171)
	at org.apache.airavata.userapi.server.handler.UserAPIServerHandlerTest.testAuthenticateUser(UserAPIServerHandlerTest.java:138)
	at sun.reflect.NativeMethodAccessorImpl.invoke0(Native Method)
	at sun.reflect.NativeMethodAccessorImpl.invoke(NativeMethodAccessorImpl.java:57)
	at sun.reflect.DelegatingMethodAccessorImpl.invoke(DelegatingMethodAccessorImpl.java:43)
	at java.lang.reflect.Method.invoke(Method.java:606)
	at junit.framework.TestCase.runTest(TestCase.java:154)
	at junit.framework.TestCase.runBare(TestCase.java:127)
	at junit.framework.TestResult$1.protect(TestResult.java:106)
	at junit.framework.TestResult.runProtected(TestResult.java:124)
	at junit.framework.TestResult.run(TestResult.java:109)
	at junit.framework.TestCase.run(TestCase.java:118)
	at junit.framework.TestSuite.runTest(TestSuite.java:208)
	at junit.framework.TestSuite.run(TestSuite.java:203)
	at sun.reflect.NativeMethodAccessorImpl.invoke0(Native Method)
	at sun.reflect.NativeMethodAccessorImpl.invoke(NativeMethodAccessorImpl.java:57)
	at sun.reflect.DelegatingMethodAccessorImpl.invoke(DelegatingMethodAccessorImpl.java:43)
	at java.lang.reflect.Method.invoke(Method.java:606)
	at org.apache.maven.surefire.junit.JUnitTestSet.execute(JUnitTestSet.java:96)
	at org.apache.maven.surefire.junit.JUnit3Provider.executeTestSet(JUnit3Provider.java:117)
	at org.apache.maven.surefire.junit.JUnit3Provider.invoke(JUnit3Provider.java:94)
	at sun.reflect.NativeMethodAccessorImpl.invoke0(Native Method)
	at sun.reflect.NativeMethodAccessorImpl.invoke(NativeMethodAccessorImpl.java:57)
	at sun.reflect.DelegatingMethodAccessorImpl.invoke(DelegatingMethodAccessorImpl.java:43)
	at java.lang.reflect.Method.invoke(Method.java:606)
	at org.apache.maven.surefire.util.ReflectionUtils.invokeMethodWithArray(ReflectionUtils.java:164)
	at org.apache.maven.surefire.booter.ProviderFactory$ProviderProxy.invoke(ProviderFactory.java:110)
	at org.apache.maven.surefire.booter.SurefireStarter.invokeProvider(SurefireStarter.java:175)
	at org.apache.maven.surefire.booter.SurefireStarter.runSuitesInProcessWhenForked(SurefireStarter.java:107)
	at org.apache.maven.surefire.booter.ForkedBooter.main(ForkedBooter.java:68)
</system-err>
  </testcase>
</testsuite>